JSONDecodeError doc: {
  "conversation": [
    {
      "output": "[旅行者]您好，欢迎来到这里探索中国民间艺术的瑰宝——泥人张彩塑。泥人张彩塑不仅是中国非物质文化遗产中的璀璨明珠，更是连接过去与现在的一座桥梁，它以泥土为媒介，通过艺术家灵巧的双手塑造出栩栩如生的人物形象，每一尊雕塑背后都承载着一段故事或是一个时代的缩影。这些作品不仅反映了古代社会的生活百态，也展现了人们对于美好生活的向往。从市井小民到文人雅士，再到神话传说中的人物，无一不被赋予了生命般的活力。当我们凝视这些艺术品时，仿佛能够穿越时空，与古人对话，感受那份跨越世纪的情感共鸣。它们不仅仅是静态的艺术品展示，更是一种活生生的文化传承方式，让后人得以窥见前人的智慧与情感世界。"
    },
    {
      "input": "如何参与文物保护活动？",
      "output": "非常高兴您对文物保护感兴趣！参与的方式多种多样：首先，可以通过加入当地的文化遗产保护组织成为志愿者；其次，参观博物馆或其他文化遗址时遵守规则，不在文物上留下任何痕迹；此外，利用社交媒体平台传播正确的文物保护知识也很重要；最后，如果条件允许的话，还可以考虑捐赠给相关基金会来支持专业的修复工作。每个人的力量虽小，但汇聚起来就能形成保护历史记忆的强大合力。"
    },
    {
      "input": "文物的文化意义是什么？",
      "output": "文物不仅是历史的见证者，也是文化的载体。以泥人张彩塑为例，它不仅仅展示了高超的手工艺技巧，更重要的是通过这些作品我们能够了解到当时的社会风貌、民俗习惯甚至是人们的思想观念。因此，保护好每一件文物就是保留住了人类文明的一部分记忆，让我们后代有机会更加全面地认识自己的根源所在。同时，通过对文物的研究和展示，还能促进不同文化之间的交流互鉴，增进国际间的理解和友谊。"
    },
    {
      "input": "文物研究有哪些最新进展？",
      "output": "近年来，在数字技术的支持下，文物研究领域取得了许多令人兴奋的新成果。比如运用3D扫描技术可以非接触式地获取文物表面信息，既减少了物理损害的风险又提高了数据采集精度；虚拟现实（VR）技术则使得远在他乡的人们也能身临其境般地参观珍贵藏品；还有基于大数据分析的方法帮助研究人员发现更多隐藏于文物背后的故事。当然，针对特定类型如泥塑的研究也在不断深入，科学家们正尝试开发新材料和技术来延长这类易损物品的保存期限。"
    },
    {
      "input": "除了泥人张之外，还有哪些著名的彩塑流派？",
      "output": "在中国乃至世界各地，都有不少闻名遐迩的彩塑艺术流派。例如位于山西晋城的"晋祠泥塑"，以其规模宏大、技艺精湛而著称；河北曲阳的石雕与泥塑结合的作品同样享有盛誉；再往南去，则有广东潮州地区的木雕彩绘艺术等。每个地方都有自己独特的风格特点，共同构成了丰富多彩的彩塑文化景观。了解这些不同的流派有助于我们更好地欣赏各地艺术家们的创作才华，并从中体会到中华文化的博大精深。"
    }
  ]
} 
Expecting ',' delimiter: line 20 column 54 (char 1185)JSONDecodeError doc: {
  "conversation": [
    {
      "output": "[旅行者]，您现在所见的这部珍贵文物名为《道德经》，它不仅是道家哲学的重要经典之一，也是对中国乃至世界文化产生深远影响的一部著作。据传为春秋末期的思想家老子所著，《道德经》以约五千言简练而深刻地阐述了‘道’与‘德’两大核心概念，提倡顺应自然、无为而治的生活态度和社会治理原则。其思想不仅贯穿于中国古代社会的政治、经济、军事等多个领域，在当今社会依旧闪耀着智慧之光，启示人们如何在快节奏生活中寻找内心的平静与和谐。通过阅读《道德经》，我们可以学习到一种看待世界的新视角，那就是用更加包容的心态去理解万物之间的联系，以及个人应该如何定位自我，在变化莫测的世界中保持心灵上的自由与平和。"
    },
    {
      "input":"这次展览中，《道德经》会展示多久？",
      "output":"[旅行者]，本次《道德经》特别展将持续展出三个月时间，从本月开始直至下个季度结束。期间还将举办多场相关讲座及互动活动，欢迎您随时前来参观交流。"
    },
    {
      "input":"《道德经》对于中国文化有着怎样的特殊意义？",
      "output":"[旅行者]，《道德经》作为中国传统文化宝库中的瑰宝之一，它不仅仅是一部哲学著作，更蕴含着丰富的思想内涵。书中提出的"道法自然"、"无为而治"等理念，对中国古代乃至现代社会都有着极其重要的指导作用。这些思想鼓励人们追求内心世界的平衡与发展，强调人与自然和谐共处的重要性，促进了中华民族形成独特的世界观和价值观体系。同时，《道德经》也被翻译成多种语言，在全球范围内广泛传播，成为中国文化对外交流的一张名片。"
    },
    {
      "input":"《道德经》里的哪些内容可以应用到我们现代人的日常生活中呢？",
      "output":"[旅行者]，《道德经》中许多智慧都能够给予现代生活启示。比如，"上善若水"，教导我们要像水一样柔韧不争；"知足常乐"，提醒我们在物质欲望面前保持清醒，懂得珍惜已有；"少私寡欲"，鼓励减少不必要的追求，专注于精神层面的成长。此外，"无为而无不为"的思想也适用于处理人际关系或工作事务时的态度——采取更加灵活变通的方式解决问题，往往能取得意想不到的好结果。总之，《道德经》提供了一种超越时空限制的生活指南，值得每个人细细品味。"
    }
  ]
} 
Expecting ',' delimiter: line 12 column 75 (char 600)JSONDecodeError doc: {
  "conversation": [
    {
      "output": "尊敬的旅行者，您现在所见的这部《道德经》，乃是道家学派创始人老子留下的宝贵遗产。此书不仅是中国哲学宝库中一颗璀璨明珠，也是世界文化史上的重要组成部分之一。它以五千余言精炼地阐述了宇宙自然规律与人生哲理之间的关系，提倡顺应自然、无为而治的生活态度。从先秦时期开始，《道德经》就对中国乃至东亚地区的思想体系产生了深远影响，其‘道法自然’的核心理念，在政治治理、个人修养等多个领域都留下了深刻的印记。时至今日，《道德经》依然是研究中国古代思想不可或缺的重要文献之一，对于理解中华文明的精神内核具有不可替代的价值。"
    },
    {
      "input": "请问我们应该如何保护这样珍贵的文化遗产？",
      "output": "为了更好地保存《道德经》这样的珍贵文献，我们需要采取一系列专业措施：首先，控制好存放环境的温湿度，避免纸张因过度干燥或潮湿而受损；其次，定期进行物理状态检查，并采用非破坏性技术手段检测其老化程度；再者，限制直接接触原件的机会，通过数字化等方法来满足公众学习需求；最后，加强对相关知识的普及教育，提高社会各界对文化遗产保护意识。"
    },
    {
      "input": "可以简单介绍一下《道德经》诞生的历史背景吗？",
      "output": "据传，《道德经》大约成书于春秋末年到战国初期之间，这一时期正是中国历史上社会变革最为剧烈的阶段之一。随着周王室权力衰落，诸侯争霸局面形成，传统礼乐制度逐渐瓦解，人们开始思考新的社会治理模式和个人生存之道。在这样的背景下，老子提出了他独特的宇宙观和社会伦理观，强调遵循自然法则、减少人为干预的重要性，试图为当时纷乱的世界寻找一条和谐发展的道路。"
    },
    {
      "input": "参观时有什么需要注意的地方呢？",
      "output": "当您有幸能够近距离观赏《道德经》原版或其他形式展出时，请务必遵守以下几点：1. 保持适当距离，不要触摸展品；2. 遵守现场工作人员指示，听从安排；3. 禁止使用闪光灯拍照，以免光线对文物造成伤害；4. 尽量低声交谈，营造安静的参观氛围；5. 对于不允许拍摄的内容，请尊重规定，不私自录制视频或照片。"
    },
    {
      "input": "《道德经》中的‘道’具体指什么？",
      "output": "在《道德经》中，"道"是一个非常核心且复杂的概念，它既是万物生成变化的根本原理，也是一种超越语言描述的存在状态。简单来说，"道"可以理解为自然界运行的基本法则，它是无形无象却又无所不在的力量。老子认为，只有当人能够认识并顺应"道"的规律行事，才能达到真正的自由与和谐。此外，"道"还包含了深奥的人生智慧，教导人们如何以谦逊平和的心态面对生活中的种种挑战。"
    }
  ]
} 
Expecting ',' delimiter: line 20 column 27 (char 1067)JSONDecodeError doc: {
  "conversation": [
    {
      "output": "尊敬的旅行者，您眼前的这部《黄帝内经》，是中国古代医学宝库中一颗璀璨夺目的明珠。它不仅是一部涵盖了基础理论与临床实践两大核心领域的巨著，更是首次系统地提出了阴阳五行等概念，这些思想至今仍然深刻影响着中医乃至整个东方哲学体系的发展。作为现存最早且最完整的中医经典之一，《黄帝内经》对于理解人体健康、疾病防治以及人与自然之间的和谐关系提供了独特而深刻的见解。通过学习这本书，我们不仅能领略到古人的智慧结晶，还能从中获得关于如何维护身心健康的知识宝藏。"
    },
    {
      "input": "请问这次文物展览将持续多久？",
      "output": "本次《黄帝内经》特别展览将从即日起持续至下个月底，共计一个月时间。在此期间，欢迎您多次来访，深入探索这部伟大著作背后的故事。"
    },
    {
      "input": "参观时有哪些需要注意的地方吗？",
      "output": "为了保护珍贵的文物，请遵守以下几点：1. 请勿使用闪光灯拍照；2. 保持安静，共同营造良好的观展环境；3. 禁止触摸展品或隔窗玻璃；4. 遵循工作人员指引，按指定路线参观。希望每位旅行者都能享受到愉快而有意义的旅程。"
    },
    {
      "input": "关于《黄帝内经》的研究最近有什么新发现吗？",
      "output": "近年来，通过对《黄帝内经》文本的深入解读及其在现代医疗实践中应用效果的研究表明，书中提到的一些治疗方法和养生理念，在当今社会仍具有很高的实用价值。特别是关于情绪调节对身体健康影响的观点得到了广泛认可。此外，还有学者正致力于利用数字技术重建《黄帝内经》中的复杂知识体系，以期为后世提供更多元化的学习途径。"
    },
    {
      "input": "这部书为什么叫《黄帝内经》呢？",
      "output": "《黄帝内经》之所以得名，是因为其内容被假托为上古时期华夏文明始祖黄帝与其臣子们的对话形式呈现出来。实际上，"黄帝"在这里更多地象征着一种理想化了的圣王形象，代表着中国古代文化中追求天人合一的理想状态。而"内经"则指涉该书主要讨论的是人体内部结构及功能等方面的知识，与之相对应的还有探讨外部因素如地理气候对人体影响的《外经》。"
    }
  ]
} 
Expecting ',' delimiter: line 20 column 72 (char 912)